::1 - - [20/Apr/2022:19:19:12 -0300] "GET / HTTP/1.1" 200 78990
::1 - - [20/Apr/2022:19:19:12 -0300] "GET /favicon.ico HTTP/1.1" 404 196
::1 - - [20/Apr/2022:19:19:20 -0300] "GET /Park-Agenda-main/view/boletins.php HTTP/1.1" 302 5186
::1 - - [20/Apr/2022:19:19:20 -0300] "GET /Park-Agenda-main/view/login.php HTTP/1.1" 200 2119
::1 - - [20/Apr/2022:19:19:31 -0300] "POST /Park-Agenda-main/controller/logar.php HTTP/1.1" 302 -
::1 - - [20/Apr/2022:19:19:31 -0300] "GET /Park-Agenda-main/view/home.php HTTP/1.1" 200 4425
::1 - - [20/Apr/2022:19:19:34 -0300] "GET /Park-Agenda-main/view/boletins.php HTTP/1.1" 200 5186
::1 - - [20/Apr/2022:19:20:31 -0300] "-" 408 -
::1 - - [20/Apr/2022:19:21:32 -0300] "GET /Park-Agenda-main/view/boletins.php HTTP/1.1" 302 5186
::1 - - [20/Apr/2022:19:21:32 -0300] "GET /Park-Agenda-main/view/login.php HTTP/1.1" 200 2119
::1 - - [20/Apr/2022:19:21:32 -0300] "GET /Park-Agenda-main/view/css/style-login.css HTTP/1.1" 200 174
::1 - - [20/Apr/2022:19:21:33 -0300] "GET /Park-Agenda-main/view/imagens/logParkAgenda.png HTTP/1.1" 200 20702
::1 - - [20/Apr/2022:19:21:33 -0300] "GET /favicon.ico HTTP/1.1" 404 196
::1 - - [20/Apr/2022:19:21:38 -0300] "POST /Park-Agenda-main/controller/logar.php HTTP/1.1" 302 -
::1 - - [20/Apr/2022:19:21:38 -0300] "GET /Park-Agenda-main/view/home.php HTTP/1.1" 200 4425
::1 - - [20/Apr/2022:19:21:38 -0300] "GET /Park-Agenda-main/view/imagens/img-map.png HTTP/1.1" 200 47461
::1 - - [20/Apr/2022:19:21:38 -0300] "GET /Park-Agenda-main/view/imagens/administracao.jpg HTTP/1.1" 200 45893
::1 - - [20/Apr/2022:19:21:38 -0300] "GET /Park-Agenda-main/view/imagens/boletins.png HTTP/1.1" 200 102319
::1 - - [20/Apr/2022:19:21:40 -0300] "GET /Park-Agenda-main/view/boletins.php HTTP/1.1" 200 5186
::1 - - [20/Apr/2022:19:21:40 -0300] "GET /Park-Agenda-main/view/css/style-listar-boletim.css HTTP/1.1" 200 139
::1 - - [20/Apr/2022:19:27:09 -0300] "POST /Park-Agenda-main/controller/visualizar-boletim.php HTTP/1.1" 200 3584
::1 - - [20/Apr/2022:19:27:09 -0300] "GET /Park-Agenda-main/view/css/style-visualizar-boletim.css HTTP/1.1" 404 196
::1 - - [20/Apr/2022:19:27:11 -0300] "GET /Park-Agenda-main/view/boletins.php HTTP/1.1" 200 5186
::1 - - [20/Apr/2022:19:27:28 -0300] "POST /Park-Agenda-main/controller/visualizar-boletim.php HTTP/1.1" 200 3584
::1 - - [20/Apr/2022:19:27:28 -0300] "GET /Park-Agenda-main/view/css/style-visualizar-boletim.css HTTP/1.1" 404 196
::1 - - [20/Apr/2022:19:28:09 -0300] "GET /Park-Agenda-main/view/boletins.php HTTP/1.1" 200 5186
::1 - - [20/Apr/2022:19:32:19 -0300] "GET /Park-Agenda-main/view/home.php HTTP/1.1" 200 4425
::1 - - [20/Apr/2022:19:32:23 -0300] "GET /Park-Agenda-main/view/boletins.php HTTP/1.1" 200 5186
::1 - - [20/Apr/2022:19:36:00 -0300] "POST /Park-Agenda-main/controller/visualizar-boletim.php HTTP/1.1" 200 3584
::1 - - [20/Apr/2022:19:36:00 -0300] "GET /Park-Agenda-main/view/css/style-visualizar-boletim.css HTTP/1.1" 404 196
::1 - - [20/Apr/2022:19:38:11 -0300] "GET /Park-Agenda-main/view/boletins.php HTTP/1.1" 200 5186
::1 - - [20/Apr/2022:19:39:23 -0300] "POST /Park-Agenda-main/controller/visualizar-boletim.php HTTP/1.1" 200 3584
::1 - - [20/Apr/2022:19:39:23 -0300] "GET /Park-Agenda-main/view/css/style-visualizar-boletim.css HTTP/1.1" 404 196
::1 - - [20/Apr/2022:19:44:27 -0300] "GET /Park-Agenda-main/view/boletins.php HTTP/1.1" 200 5186
::1 - - [20/Apr/2022:19:44:28 -0300] "GET /Park-Agenda-main/view/boletins-excluir-page.php HTTP/1.1" 200 4233
::1 - - [20/Apr/2022:19:44:28 -0300] "GET /Park-Agenda-main/view/css/style-excluir-boletim.css HTTP/1.1" 200 56
::1 - - [20/Apr/2022:19:58:55 -0300] "GET /Park-Agenda-main/view/boletins.php HTTP/1.1" 200 5186
::1 - - [20/Apr/2022:19:58:56 -0300] "POST /Park-Agenda-main/controller/visualizar-boletim.php HTTP/1.1" 200 3584
::1 - - [20/Apr/2022:19:58:56 -0300] "GET /Park-Agenda-main/view/css/style-visualizar-boletim.css HTTP/1.1" 404 196
::1 - - [20/Apr/2022:19:58:58 -0300] "GET /Park-Agenda-main/view/boletins.php HTTP/1.1" 200 5186
::1 - - [20/Apr/2022:19:59:00 -0300] "POST /Park-Agenda-main/controller/visualizar-boletim.php HTTP/1.1" 200 3876
::1 - - [20/Apr/2022:19:59:00 -0300] "GET /Park-Agenda-main/view/css/style-visualizar-boletim.css HTTP/1.1" 404 196
::1 - - [20/Apr/2022:20:28:27 -0300] "GET /Park-Agenda-main/view/boletins.php HTTP/1.1" 200 5186
::1 - - [20/Apr/2022:20:28:31 -0300] "GET /Park-Agenda-main/view/boletins-criar-page.php HTTP/1.1" 200 3239
::1 - - [20/Apr/2022:20:36:35 -0300] "GET /Park-Agenda-main/view/boletim-form-criar.php HTTP/1.1" 200 3677
