2022-04-18T22:03:55.853520Z 0 [Warning] TIMESTAMP with implicit DEFAULT value is deprecated. Please use --explicit_defaults_for_timestamp server option (see documentation for more details).
2022-04-18T22:03:55.853625Z 0 [Note] --secure-file-priv is set to NULL. Operations related to importing and exporting data are disabled
2022-04-18T22:03:55.854140Z 0 [Note] F:\usbwebserver/mysql/bin/mysqld_usbwv8.exe (mysqld 5.7.36) starting as process 7556 ...
2022-04-18T22:03:55.859662Z 0 [ERROR] Error message file 'F:\usbwebserver\mysql\share\english\errmsg.sys' had only 886 error messages,
                    but it should contain at least 1123 error messages.
                    Check that the above file is the right version for                     this program!
2022-04-18T22:03:55.891414Z 0 [Note] InnoDB: Mutexes and rw_locks use Windows interlocked functions
2022-04-18T22:03:55.892096Z 0 [Note] InnoDB: Uses event mutexes
2022-04-18T22:03:55.892529Z 0 [Note] InnoDB: Memory barrier is not used
2022-04-18T22:03:55.893004Z 0 [Note] InnoDB: Compressed tables use zlib 1.2.11
2022-04-18T22:03:55.893863Z 0 [Note] InnoDB: Number of pools: 1
2022-04-18T22:03:55.894428Z 0 [Note] InnoDB: Not using CPU crc32 instructions
2022-04-18T22:03:55.896923Z 0 [Note] InnoDB: Initializing buffer pool, total size = 128M, instances = 1, chunk size = 128M
2022-04-18T22:03:55.903174Z 0 [Note] InnoDB: Completed initialization of buffer pool
2022-04-18T22:03:56.140164Z 0 [Note] InnoDB: Highest supported file format is Barracuda.
2022-04-18T22:03:56.163428Z 0 [Note] InnoDB: Log scan progressed past the checkpoint lsn 1234164
2022-04-18T22:03:56.164179Z 0 [Note] InnoDB: Doing recovery: scanned up to log sequence number 1234173
2022-04-18T22:03:56.165049Z 0 [Note] InnoDB: Database was not shutdown normally!
2022-04-18T22:03:56.165628Z 0 [Note] InnoDB: Starting crash recovery.
2022-04-18T22:03:57.366127Z 0 [Note] InnoDB: Removed temporary tablespace data file: "ibtmp1"
2022-04-18T22:03:57.366796Z 0 [Note] InnoDB: Creating shared tablespace for temporary tables
2022-04-18T22:03:57.368885Z 0 [Note] InnoDB: Setting file 'F:\usbwebserver\mysql\data\ibtmp1' size to 12 MB. Physically writing the file full; Please wait ...
2022-04-18T22:03:58.849724Z 0 [Note] InnoDB: File 'F:\usbwebserver\mysql\data\ibtmp1' size is now 12 MB.
2022-04-18T22:03:58.882486Z 0 [Note] InnoDB: 96 redo rollback segment(s) found. 96 redo rollback segment(s) are active.
2022-04-18T22:03:58.883278Z 0 [Note] InnoDB: 32 non-redo rollback segment(s) are active.
2022-04-18T22:03:58.884211Z 0 [Note] InnoDB: Waiting for purge to start
2022-04-18T22:03:58.942972Z 0 [Note] InnoDB: 5.7.36 started; log sequence number 1234173
2022-04-18T22:03:58.944075Z 0 [Note] Plugin 'FEDERATED' is disabled.
2022-04-18T22:03:58.944075Z 0 [Note] InnoDB: Loading buffer pool(s) from F:\usbwebserver\mysql\data\ib_buffer_pool
2022-04-18T22:03:58.947340Z 0 [ERROR] InnoDB: Cannot open 'F:\usbwebserver\mysql\data\ib_buffer_pool' for reading: No such file or directory
2022-04-18T22:03:59.047646Z 0 [Warning] System table 'plugin' is expected to be transactional.
2022-04-18T22:03:59.053178Z 0 [Warning] Gtid table is not ready to be used. Table 'mysql.gtid_executed' cannot be opened.
2022-04-18T22:03:59.055494Z 0 [Note] Found ca.pem, server-cert.pem and server-key.pem in data directory. Trying to enable SSL support using them.
2022-04-18T22:03:59.056388Z 0 [Note] Skipping generation of SSL certificates as certificate files are present in data directory.
2022-04-18T22:03:59.057154Z 0 [Warning] 
2022-04-18T22:03:59.057451Z 0 [Warning] 
2022-04-18T22:03:59.064648Z 0 [Warning] CA certificate ca.pem is self signed.
2022-04-18T22:03:59.065297Z 0 [Note] Skipping generation of RSA key pair as key files are present in data directory.
2022-04-18T22:03:59.070068Z 0 [Note] Server hostname (bind-address): '*'; port: 3306
2022-04-18T22:03:59.071135Z 0 [Note] IPv6 is available.
2022-04-18T22:03:59.074610Z 0 [Note]   - '::' resolves to '::';
2022-04-18T22:03:59.075181Z 0 [Note] Server socket created on IP: '::'.
2022-04-18T22:03:59.097228Z 0 [Warning] Failed to open optimizer cost constant tables

2022-04-18T22:03:59.139406Z 0 [Warning] System table 'time_zone_leap_second' is expected to be transactional.
2022-04-18T22:03:59.140195Z 0 [Warning] System table 'time_zone_name' is expected to be transactional.
2022-04-18T22:03:59.140910Z 0 [Warning] System table 'time_zone' is expected to be transactional.
2022-04-18T22:03:59.141547Z 0 [Warning] System table 'time_zone_transition_type' is expected to be transactional.
2022-04-18T22:03:59.142277Z 0 [Warning] System table 'time_zone_transition' is expected to be transactional.
2022-04-18T22:03:59.169005Z 0 [Warning] System table 'servers' is expected to be transactional.
2022-04-18T22:03:59.180249Z 0 [Warning] InnoDB: Cannot open table mysql/slave_master_info from the internal data dictionary of InnoDB though the .frm file for the table exists. Please refer to http://dev.mysql.com/doc/refman/5.7/en/innodb-troubleshooting.html for how to resolve the issue.
2022-04-18T22:03:59.185513Z 0 [Warning] InnoDB: Cannot open table mysql/slave_relay_log_info from the internal data dictionary of InnoDB though the .frm file for the table exists. Please refer to http://dev.mysql.com/doc/refman/5.7/en/innodb-troubleshooting.html for how to resolve the issue.
2022-04-18T22:03:59.187365Z 0 [Warning] InnoDB: Cannot open table mysql/slave_master_info from the internal data dictionary of InnoDB though the .frm file for the table exists. Please refer to http://dev.mysql.com/doc/refman/5.7/en/innodb-troubleshooting.html for how to resolve the issue.
2022-04-18T22:03:59.189918Z 0 [Warning] Info table is not ready to be used. Table 'mysql.slave_master_info' cannot be opened.
2022-04-18T22:03:59.194368Z 0 [Warning] InnoDB: Cannot open table mysql/slave_worker_info from the internal data dictionary of InnoDB though the .frm file for the table exists. Please refer to http://dev.mysql.com/doc/refman/5.7/en/innodb-troubleshooting.html for how to resolve the issue.
2022-04-18T22:03:59.196454Z 0 [Warning] InnoDB: Cannot open table mysql/slave_relay_log_info from the internal data dictionary of InnoDB though the .frm file for the table exists. Please refer to http://dev.mysql.com/doc/refman/5.7/en/innodb-troubleshooting.html for how to resolve the issue.
2022-04-18T22:03:59.198191Z 0 [Warning] Info table is not ready to be used. Table 'mysql.slave_relay_log_info' cannot be opened.
2022-04-18T22:03:59.199073Z 0 [Note] Failed to start slave threads for channel ''
2022-04-18T22:03:59.208837Z 0 [ERROR] Incorrect definition of table performance_schema.events_waits_current: expected column 'NESTING_EVENT_TYPE' at position 15 to have type enum('TRANSACTION','STATEMENT','STAGE','WAIT', found type enum('STATEMENT','STAGE','WAIT').
2022-04-18T22:03:59.214089Z 0 [ERROR] Incorrect definition of table performance_schema.events_waits_history: expected column 'NESTING_EVENT_TYPE' at position 15 to have type enum('TRANSACTION','STATEMENT','STAGE','WAIT', found type enum('STATEMENT','STAGE','WAIT').
2022-04-18T22:03:59.219475Z 0 [ERROR] Incorrect definition of table performance_schema.events_waits_history_long: expected column 'NESTING_EVENT_TYPE' at position 15 to have type enum('TRANSACTION','STATEMENT','STAGE','WAIT', found type enum('STATEMENT','STAGE','WAIT').
2022-04-18T22:03:59.234970Z 0 [ERROR] Incorrect definition of table performance_schema.events_waits_summary_by_user_by_event_name: expected column 'USER' at position 0 to have type char(32), found type char(16).
2022-04-18T22:03:59.239772Z 0 [ERROR] Incorrect definition of table performance_schema.events_waits_summary_by_account_by_event_name: expected column 'USER' at position 0 to have type char(32), found type char(16).
2022-04-18T22:03:59.276249Z 0 [ERROR] 
2022-04-18T22:03:59.286944Z 0 [ERROR] Incorrect definition of table performance_schema.setup_objects: expected column 'OBJECT_TYPE' at position 0 to have type enum('EVENT','FUNCTION','PROCEDURE','TABLE','TRIGGER', found type enum('TABLE').
2022-04-18T22:03:59.303448Z 0 [ERROR] 
2022-04-18T22:03:59.307362Z 0 [ERROR] 
2022-04-18T22:03:59.311112Z 0 [ERROR] 
2022-04-18T22:03:59.314911Z 0 [ERROR] 
2022-04-18T22:03:59.318650Z 0 [ERROR] 
2022-04-18T22:03:59.325929Z 0 [ERROR] Incorrect definition of table performance_schema.events_stages_summary_by_account_by_event_name: expected column 'USER' at position 0 to have type char(32), found type char(16).
2022-04-18T22:03:59.330693Z 0 [ERROR] Incorrect definition of table performance_schema.events_stages_summary_by_user_by_event_name: expected column 'USER' at position 0 to have type char(32), found type char(16).
2022-04-18T22:03:59.345911Z 0 [ERROR] 
2022-04-18T22:03:59.349947Z 0 [ERROR] 
2022-04-18T22:03:59.354149Z 0 [ERROR] 
2022-04-18T22:03:59.361695Z 0 [ERROR] Incorrect definition of table performance_schema.events_statements_summary_by_account_by_event_name: expected column 'USER' at position 0 to have type char(32), found type char(16).
2022-04-18T22:03:59.367011Z 0 [ERROR] Incorrect definition of table performance_schema.events_statements_summary_by_user_by_event_name: expected column 'USER' at position 0 to have type char(32), found type char(16).
2022-04-18T22:03:59.378874Z 0 [ERROR] 
2022-04-18T22:03:59.379364Z 0 [ERROR] 
2022-04-18T22:03:59.379768Z 0 [ERROR] 
2022-04-18T22:03:59.380167Z 0 [ERROR] 
2022-04-18T22:03:59.380563Z 0 [ERROR] 
2022-04-18T22:03:59.380966Z 0 [ERROR] 
2022-04-18T22:03:59.381362Z 0 [ERROR] 
2022-04-18T22:03:59.381775Z 0 [ERROR] 
2022-04-18T22:03:59.382175Z 0 [ERROR] 
2022-04-18T22:03:59.385906Z 0 [ERROR] Incorrect definition of table performance_schema.users: expected column 'USER' at position 0 to have type char(32), found type char(16).
2022-04-18T22:03:59.390513Z 0 [ERROR] Incorrect definition of table performance_schema.accounts: expected column 'USER' at position 0 to have type char(32), found type char(16).
2022-04-18T22:03:59.412580Z 0 [ERROR] 
2022-04-18T22:03:59.413045Z 0 [ERROR] 
2022-04-18T22:03:59.413451Z 0 [ERROR] 
2022-04-18T22:03:59.413847Z 0 [ERROR] 
2022-04-18T22:03:59.414246Z 0 [ERROR] 
2022-04-18T22:03:59.414638Z 0 [ERROR] 
2022-04-18T22:03:59.415028Z 0 [ERROR] 
2022-04-18T22:03:59.415422Z 0 [ERROR] 
2022-04-18T22:03:59.415817Z 0 [ERROR] 
2022-04-18T22:03:59.416205Z 0 [ERROR] 
2022-04-18T22:03:59.416598Z 0 [ERROR] 
2022-04-18T22:03:59.416991Z 0 [ERROR] 
2022-04-18T22:03:59.417383Z 0 [ERROR] 
2022-04-18T22:03:59.417780Z 0 [ERROR] 
2022-04-18T22:03:59.418172Z 0 [ERROR] 
2022-04-18T22:03:59.418561Z 0 [ERROR] 
2022-04-18T22:03:59.418950Z 0 [ERROR] 
2022-04-18T22:03:59.419366Z 0 [ERROR] 
2022-04-18T22:03:59.419766Z 0 [ERROR] 
2022-04-18T22:03:59.420170Z 0 [ERROR] 
2022-04-18T22:03:59.420588Z 0 [ERROR] 
2022-04-18T22:03:59.420997Z 0 [ERROR] 
2022-04-18T22:03:59.421392Z 0 [ERROR] 
2022-04-18T22:03:59.421809Z 0 [ERROR] 
2022-04-18T22:03:59.422200Z 0 [ERROR] 
2022-04-18T22:03:59.422688Z 0 [ERROR] 
2022-04-18T22:03:59.423479Z 0 [ERROR] Incorrect definition of table mysql.db: expected column 'User' at position 2 to have type char(32), found type char(16).
2022-04-18T22:03:59.424614Z 0 [ERROR] mysql.user has no `Event_priv` column at position 28
2022-04-18T22:03:59.429743Z 0 [ERROR] Event Scheduler: An error occurred when initializing system tables. Disabling the Event Scheduler.
2022-04-18T22:03:59.430779Z 0 [Note] 
2022-04-18T22:05:28.763118Z 2 [ERROR] InnoDB: Table `mysql`.`innodb_table_stats` not found.
2022-04-18T22:05:28.763814Z 2 [ERROR] InnoDB: Fetch of persistent statistics requested for table `park_agenda`.`servidor` but the required system tables mysql.innodb_table_stats and mysql.innodb_index_stats are not present or have unexpected structure. Using transient stats instead.
2022-04-18T22:06:42.314897Z 6 [ERROR] Error message file 'F:\usbwebserver\mysql\share\portuguese\errmsg.sys' had only 886 error messages,
                    but it should contain at least 1123 error messages.
                    Check that the above file is the right version for                     this program!
2022-04-18T22:06:54.756777Z 9 [ERROR] InnoDB: Table `mysql`.`innodb_table_stats` not found.
2022-04-18T22:06:54.757456Z 9 [ERROR] InnoDB: Fetch of persistent statistics requested for table `park_agenda`.`boletim` but the required system tables mysql.innodb_table_stats and mysql.innodb_index_stats are not present or have unexpected structure. Using transient stats instead.
2022-04-20T22:19:06.201775Z 0 [Warning] TIMESTAMP with implicit DEFAULT value is deprecated. Please use --explicit_defaults_for_timestamp server option (see documentation for more details).
2022-04-20T22:19:06.202044Z 0 [Note] --secure-file-priv is set to NULL. Operations related to importing and exporting data are disabled
2022-04-20T22:19:06.202438Z 0 [Note] F:\usbwebserver/mysql/bin/mysqld_usbwv8.exe (mysqld 5.7.36) starting as process 14156 ...
2022-04-20T22:19:06.205231Z 0 [ERROR] Error message file 'F:\usbwebserver\mysql\share\english\errmsg.sys' had only 886 error messages,
                    but it should contain at least 1123 error messages.
                    Check that the above file is the right version for                     this program!
2022-04-20T22:19:06.238583Z 0 [Note] InnoDB: Mutexes and rw_locks use Windows interlocked functions
2022-04-20T22:19:06.239252Z 0 [Note] InnoDB: Uses event mutexes
2022-04-20T22:19:06.239692Z 0 [Note] InnoDB: Memory barrier is not used
2022-04-20T22:19:06.240158Z 0 [Note] InnoDB: Compressed tables use zlib 1.2.11
2022-04-20T22:19:06.241013Z 0 [Note] InnoDB: Number of pools: 1
2022-04-20T22:19:06.241574Z 0 [Note] InnoDB: Not using CPU crc32 instructions
2022-04-20T22:19:06.252109Z 0 [Note] InnoDB: Initializing buffer pool, total size = 128M, instances = 1, chunk size = 128M
2022-04-20T22:19:06.258231Z 0 [Note] InnoDB: Completed initialization of buffer pool
2022-04-20T22:19:06.449462Z 0 [Note] InnoDB: Highest supported file format is Barracuda.
2022-04-20T22:19:06.462589Z 0 [Note] InnoDB: Log scan progressed past the checkpoint lsn 1234192
2022-04-20T22:19:06.463260Z 0 [Note] InnoDB: Doing recovery: scanned up to log sequence number 1234201
2022-04-20T22:19:06.463917Z 0 [Note] InnoDB: Database was not shutdown normally!
2022-04-20T22:19:06.464469Z 0 [Note] InnoDB: Starting crash recovery.
2022-04-20T22:19:07.014831Z 0 [Note] InnoDB: Removed temporary tablespace data file: "ibtmp1"
2022-04-20T22:19:07.015494Z 0 [Note] InnoDB: Creating shared tablespace for temporary tables
2022-04-20T22:19:07.017714Z 0 [Note] InnoDB: Setting file 'F:\usbwebserver\mysql\data\ibtmp1' size to 12 MB. Physically writing the file full; Please wait ...
2022-04-20T22:19:12.213013Z 0 [Note] InnoDB: File 'F:\usbwebserver\mysql\data\ibtmp1' size is now 12 MB.
2022-04-20T22:19:12.243627Z 0 [Note] InnoDB: 96 redo rollback segment(s) found. 96 redo rollback segment(s) are active.
2022-04-20T22:19:12.244482Z 0 [Note] InnoDB: 32 non-redo rollback segment(s) are active.
2022-04-20T22:19:12.245371Z 0 [Note] InnoDB: Waiting for purge to start
2022-04-20T22:19:12.296039Z 0 [Note] InnoDB: page_cleaner: 1000ms intended loop took 6040ms. The settings might not be optimal. (flushed=0 and evicted=0, during the time.)
2022-04-20T22:19:12.298355Z 0 [Note] InnoDB: 5.7.36 started; log sequence number 1234201
2022-04-20T22:19:12.299278Z 0 [Note] Plugin 'FEDERATED' is disabled.
2022-04-20T22:19:12.299294Z 0 [Note] InnoDB: Loading buffer pool(s) from F:\usbwebserver\mysql\data\ib_buffer_pool
2022-04-20T22:19:12.300453Z 0 [ERROR] InnoDB: Cannot open 'F:\usbwebserver\mysql\data\ib_buffer_pool' for reading: No such file or directory
2022-04-20T22:19:12.406998Z 0 [Warning] System table 'plugin' is expected to be transactional.
2022-04-20T22:19:12.412735Z 0 [Warning] Gtid table is not ready to be used. Table 'mysql.gtid_executed' cannot be opened.
2022-04-20T22:19:12.415988Z 0 [Note] Found ca.pem, server-cert.pem and server-key.pem in data directory. Trying to enable SSL support using them.
2022-04-20T22:19:12.416874Z 0 [Note] Skipping generation of SSL certificates as certificate files are present in data directory.
2022-04-20T22:19:12.417737Z 0 [Warning] 
2022-04-20T22:19:12.418044Z 0 [Warning] 
2022-04-20T22:19:12.426563Z 0 [Warning] CA certificate ca.pem is self signed.
2022-04-20T22:19:12.427349Z 0 [Note] Skipping generation of RSA key pair as key files are present in data directory.
2022-04-20T22:19:12.432663Z 0 [Note] Server hostname (bind-address): '*'; port: 3306
2022-04-20T22:19:12.433701Z 0 [Note] IPv6 is available.
2022-04-20T22:19:12.479627Z 0 [Note]   - '::' resolves to '::';
2022-04-20T22:19:12.480303Z 0 [Note] Server socket created on IP: '::'.
2022-04-20T22:19:12.497764Z 0 [Warning] Failed to open optimizer cost constant tables

2022-04-20T22:19:12.544553Z 0 [Warning] System table 'time_zone_leap_second' is expected to be transactional.
2022-04-20T22:19:12.545289Z 0 [Warning] System table 'time_zone_name' is expected to be transactional.
2022-04-20T22:19:12.545928Z 0 [Warning] System table 'time_zone' is expected to be transactional.
2022-04-20T22:19:12.546544Z 0 [Warning] System table 'time_zone_transition_type' is expected to be transactional.
2022-04-20T22:19:12.547246Z 0 [Warning] System table 'time_zone_transition' is expected to be transactional.
2022-04-20T22:19:12.575126Z 0 [Warning] System table 'servers' is expected to be transactional.
2022-04-20T22:19:12.587440Z 0 [Warning] InnoDB: Cannot open table mysql/slave_master_info from the internal data dictionary of InnoDB though the .frm file for the table exists. Please refer to http://dev.mysql.com/doc/refman/5.7/en/innodb-troubleshooting.html for how to resolve the issue.
2022-04-20T22:19:12.593305Z 0 [Warning] InnoDB: Cannot open table mysql/slave_relay_log_info from the internal data dictionary of InnoDB though the .frm file for the table exists. Please refer to http://dev.mysql.com/doc/refman/5.7/en/innodb-troubleshooting.html for how to resolve the issue.
2022-04-20T22:19:12.595596Z 0 [Warning] InnoDB: Cannot open table mysql/slave_master_info from the internal data dictionary of InnoDB though the .frm file for the table exists. Please refer to http://dev.mysql.com/doc/refman/5.7/en/innodb-troubleshooting.html for how to resolve the issue.
2022-04-20T22:19:12.597406Z 0 [Warning] Info table is not ready to be used. Table 'mysql.slave_master_info' cannot be opened.
2022-04-20T22:19:12.603408Z 0 [Warning] InnoDB: Cannot open table mysql/slave_worker_info from the internal data dictionary of InnoDB though the .frm file for the table exists. Please refer to http://dev.mysql.com/doc/refman/5.7/en/innodb-troubleshooting.html for how to resolve the issue.
2022-04-20T22:19:12.605690Z 0 [Warning] InnoDB: Cannot open table mysql/slave_relay_log_info from the internal data dictionary of InnoDB though the .frm file for the table exists. Please refer to http://dev.mysql.com/doc/refman/5.7/en/innodb-troubleshooting.html for how to resolve the issue.
2022-04-20T22:19:12.607680Z 0 [Warning] Info table is not ready to be used. Table 'mysql.slave_relay_log_info' cannot be opened.
2022-04-20T22:19:12.608540Z 0 [Note] Failed to start slave threads for channel ''
2022-04-20T22:19:12.616925Z 0 [ERROR] Incorrect definition of table performance_schema.events_waits_current: expected column 'NESTING_EVENT_TYPE' at position 15 to have type enum('TRANSACTION','STATEMENT','STAGE','WAIT', found type enum('STATEMENT','STAGE','WAIT').
2022-04-20T22:19:12.623452Z 0 [ERROR] Incorrect definition of table performance_schema.events_waits_history: expected column 'NESTING_EVENT_TYPE' at position 15 to have type enum('TRANSACTION','STATEMENT','STAGE','WAIT', found type enum('STATEMENT','STAGE','WAIT').
2022-04-20T22:19:12.629107Z 0 [ERROR] Incorrect definition of table performance_schema.events_waits_history_long: expected column 'NESTING_EVENT_TYPE' at position 15 to have type enum('TRANSACTION','STATEMENT','STAGE','WAIT', found type enum('STATEMENT','STAGE','WAIT').
2022-04-20T22:19:12.647309Z 0 [ERROR] Incorrect definition of table performance_schema.events_waits_summary_by_user_by_event_name: expected column 'USER' at position 0 to have type char(32), found type char(16).
2022-04-20T22:19:12.652709Z 0 [ERROR] Incorrect definition of table performance_schema.events_waits_summary_by_account_by_event_name: expected column 'USER' at position 0 to have type char(32), found type char(16).
2022-04-20T22:19:12.747111Z 0 [ERROR] 
2022-04-20T22:19:12.759949Z 0 [ERROR] Incorrect definition of table performance_schema.setup_objects: expected column 'OBJECT_TYPE' at position 0 to have type enum('EVENT','FUNCTION','PROCEDURE','TABLE','TRIGGER', found type enum('TABLE').
2022-04-20T22:19:12.779034Z 0 [ERROR] 
2022-04-20T22:19:12.783415Z 0 [ERROR] 
2022-04-20T22:19:12.787902Z 0 [ERROR] 
2022-04-20T22:19:12.792348Z 0 [ERROR] 
2022-04-20T22:19:12.796238Z 0 [ERROR] 
2022-04-20T22:19:12.804308Z 0 [ERROR] Incorrect definition of table performance_schema.events_stages_summary_by_account_by_event_name: expected column 'USER' at position 0 to have type char(32), found type char(16).
2022-04-20T22:19:12.809137Z 0 [ERROR] Incorrect definition of table performance_schema.events_stages_summary_by_user_by_event_name: expected column 'USER' at position 0 to have type char(32), found type char(16).
2022-04-20T22:19:12.823191Z 0 [ERROR] 
2022-04-20T22:19:12.827928Z 0 [ERROR] 
2022-04-20T22:19:12.832578Z 0 [ERROR] 
2022-04-20T22:19:12.841711Z 0 [ERROR] Incorrect definition of table performance_schema.events_statements_summary_by_account_by_event_name: expected column 'USER' at position 0 to have type char(32), found type char(16).
2022-04-20T22:19:12.851738Z 0 [ERROR] Incorrect definition of table performance_schema.events_statements_summary_by_user_by_event_name: expected column 'USER' at position 0 to have type char(32), found type char(16).
2022-04-20T22:19:12.869980Z 0 [ERROR] 
2022-04-20T22:19:12.870523Z 0 [ERROR] 
2022-04-20T22:19:12.870971Z 0 [ERROR] 
2022-04-20T22:19:12.871362Z 0 [ERROR] 
2022-04-20T22:19:12.871761Z 0 [ERROR] 
2022-04-20T22:19:12.872149Z 0 [ERROR] 
2022-04-20T22:19:12.872548Z 0 [ERROR] 
2022-04-20T22:19:12.872939Z 0 [ERROR] 
2022-04-20T22:19:12.873325Z 0 [ERROR] 
2022-04-20T22:19:12.878000Z 0 [ERROR] Incorrect definition of table performance_schema.users: expected column 'USER' at position 0 to have type char(32), found type char(16).
2022-04-20T22:19:12.883835Z 0 [ERROR] Incorrect definition of table performance_schema.accounts: expected column 'USER' at position 0 to have type char(32), found type char(16).
2022-04-20T22:19:12.910497Z 0 [ERROR] 
2022-04-20T22:19:12.910982Z 0 [ERROR] 
2022-04-20T22:19:12.911398Z 0 [ERROR] 
2022-04-20T22:19:12.911790Z 0 [ERROR] 
2022-04-20T22:19:12.912187Z 0 [ERROR] 
2022-04-20T22:19:12.912571Z 0 [ERROR] 
2022-04-20T22:19:12.912955Z 0 [ERROR] 
2022-04-20T22:19:12.913337Z 0 [ERROR] 
2022-04-20T22:19:12.913717Z 0 [ERROR] 
2022-04-20T22:19:12.914100Z 0 [ERROR] 
2022-04-20T22:19:12.914483Z 0 [ERROR] 
2022-04-20T22:19:12.914870Z 0 [ERROR] 
2022-04-20T22:19:12.915261Z 0 [ERROR] 
2022-04-20T22:19:12.915643Z 0 [ERROR] 
2022-04-20T22:19:12.916028Z 0 [ERROR] 
2022-04-20T22:19:12.916410Z 0 [ERROR] 
2022-04-20T22:19:12.916794Z 0 [ERROR] 
2022-04-20T22:19:12.917184Z 0 [ERROR] 
2022-04-20T22:19:12.917564Z 0 [ERROR] 
2022-04-20T22:19:12.918002Z 0 [ERROR] 
2022-04-20T22:19:12.918404Z 0 [ERROR] 
2022-04-20T22:19:12.918795Z 0 [ERROR] 
2022-04-20T22:19:12.919176Z 0 [ERROR] 
2022-04-20T22:19:12.919563Z 0 [ERROR] 
2022-04-20T22:19:12.919947Z 0 [ERROR] 
2022-04-20T22:19:12.920329Z 0 [ERROR] 
2022-04-20T22:19:12.920772Z 0 [ERROR] Incorrect definition of table mysql.db: expected column 'User' at position 2 to have type char(32), found type char(16).
2022-04-20T22:19:12.921706Z 0 [ERROR] mysql.user has no `Event_priv` column at position 28
2022-04-20T22:19:12.927355Z 0 [ERROR] Event Scheduler: An error occurred when initializing system tables. Disabling the Event Scheduler.
2022-04-20T22:19:12.928551Z 0 [Note] 
2022-04-20T22:19:20.237987Z 2 [ERROR] InnoDB: Table `mysql`.`innodb_table_stats` not found.
2022-04-20T22:19:20.238800Z 2 [ERROR] InnoDB: Fetch of persistent statistics requested for table `park_agenda`.`boletim` but the required system tables mysql.innodb_table_stats and mysql.innodb_index_stats are not present or have unexpected structure. Using transient stats instead.
2022-04-20T22:19:31.913154Z 3 [ERROR] InnoDB: Table `mysql`.`innodb_table_stats` not found.
2022-04-20T22:19:31.913777Z 3 [ERROR] InnoDB: Fetch of persistent statistics requested for table `park_agenda`.`servidor` but the required system tables mysql.innodb_table_stats and mysql.innodb_index_stats are not present or have unexpected structure. Using transient stats instead.
